<?xml version="1.0" encoding="UTF-8"?>
<!-- Generated by org.testng.reporters.JUnitReportReporter -->
<testsuite hostname="B2ML32871" name="com.mindtree.BaseClass.TC006_ConsentDismissal" tests="3" failures="0" timestamp="17 Jan 2020 09:43:02 GMT" time="10.257" errors="0">
  <testcase name="runLoginTest" time="0.004" classname="com.mindtree.BaseClass.TC006_ConsentDismissal"/>
  <testcase name="validLoginTest" time="9.765" classname="com.mindtree.BaseClass.TC006_ConsentDismissal"/>
  <testcase name="dismissConsent" time="0.488" classname="com.mindtree.BaseClass.TC006_ConsentDismissal"/>
</testsuite> <!-- com.mindtree.BaseClass.TC006_ConsentDismissal -->
