<?xml version="1.0" encoding="UTF-8"?>
<!-- Generated by org.testng.reporters.JUnitReportReporter -->
<testsuite hostname="B2ML32871" name="com.mindtree.BaseClass.TC007_ValidateDemoFields" tests="3" failures="0" timestamp="17 Jan 2020 13:24:45 GMT" time="130.616" errors="0">
  <testcase name="runLoginTest" time="0.005" classname="com.mindtree.BaseClass.TC007_ValidateDemoFields"/>
  <testcase name="validLoginTest" time="8.880" classname="com.mindtree.BaseClass.TC007_ValidateDemoFields"/>
  <testcase name="validateDemoFields" time="121.731" classname="com.mindtree.BaseClass.TC007_ValidateDemoFields"/>
</testsuite> <!-- com.mindtree.BaseClass.TC007_ValidateDemoFields -->
