<?xml version="1.0" encoding="UTF-8"?>
<!-- Generated by org.testng.reporters.JUnitReportReporter -->
<testsuite hostname="B2ML32871" name="com.mindtree.BaseClass.InvalidLoginTest" tests="1" failures="0" timestamp="4 Jan 2020 19:33:14 GMT" time="4.197" errors="0">
  <testcase name="TC002_invalidOTPLength" time="4.197" classname="com.mindtree.BaseClass.InvalidLoginTest"/>
</testsuite> <!-- com.mindtree.BaseClass.InvalidLoginTest -->
