<?xml version="1.0" encoding="UTF-8"?>
<!-- Generated by org.testng.reporters.JUnitReportReporter -->
<testsuite hostname="B2ML32871" name="com.mindtree.BaseClass.TC002_InvalidLoginTest" tests="1" failures="0" timestamp="7 Jan 2020 17:19:46 GMT" time="6.232" errors="0">
  <testcase name="TC002_invalidOTPLength" time="6.232" classname="com.mindtree.BaseClass.TC002_InvalidLoginTest"/>
</testsuite> <!-- com.mindtree.BaseClass.TC002_InvalidLoginTest -->
