<?xml version="1.0" encoding="UTF-8"?>
<!-- Generated by org.testng.reporters.JUnitReportReporter -->
<testsuite hostname="B2ML32871" name="com.mindtree.BaseClass.TC011_SelectTimeSlot" tests="20" failures="0" timestamp="24 Apr 2020 06:37:10 GMT" time="33.864" errors="0">
  <testcase name="checkAge" time="0.036" classname="com.mindtree.BaseClass.TC011_SelectTimeSlot"/>
  <testcase name="checkCity" time="0.024" classname="com.mindtree.BaseClass.TC011_SelectTimeSlot"/>
  <testcase name="clickContinueInPreview" time="0.405" classname="com.mindtree.BaseClass.TC011_SelectTimeSlot"/>
  <testcase name="checkProvince" time="0.027" classname="com.mindtree.BaseClass.TC011_SelectTimeSlot"/>
  <testcase name="checkReference" time="0.027" classname="com.mindtree.BaseClass.TC011_SelectTimeSlot"/>
  <testcase name="checkZone" time="0.027" classname="com.mindtree.BaseClass.TC011_SelectTimeSlot"/>
  <testcase name="checkRegion" time="0.037" classname="com.mindtree.BaseClass.TC011_SelectTimeSlot"/>
  <testcase name="checkMobile" time="0.026" classname="com.mindtree.BaseClass.TC011_SelectTimeSlot"/>
  <testcase name="checkResident" time="0.028" classname="com.mindtree.BaseClass.TC011_SelectTimeSlot"/>
  <testcase name="checkDOB" time="0.029" classname="com.mindtree.BaseClass.TC011_SelectTimeSlot"/>
  <testcase name="checkGender" time="0.026" classname="com.mindtree.BaseClass.TC011_SelectTimeSlot"/>
  <testcase name="docUpload" time="4.243" classname="com.mindtree.BaseClass.TC011_SelectTimeSlot"/>
  <testcase name="selectCenterByCountry" time="4.922" classname="com.mindtree.BaseClass.TC011_SelectTimeSlot"/>
  <testcase name="checkTimeSlotPage" time="0.040" classname="com.mindtree.BaseClass.TC011_SelectTimeSlot"/>
  <testcase name="checkAddress" time="0.026" classname="com.mindtree.BaseClass.TC011_SelectTimeSlot"/>
  <testcase name="checkFullName" time="0.020" classname="com.mindtree.BaseClass.TC011_SelectTimeSlot"/>
  <testcase name="validateDemoscreen" time="14.727" classname="com.mindtree.BaseClass.TC011_SelectTimeSlot"/>
  <testcase name="validLoginTest" time="8.507" classname="com.mindtree.BaseClass.TC011_SelectTimeSlot"/>
  <testcase name="selectDateAndTime" time="0.661" classname="com.mindtree.BaseClass.TC011_SelectTimeSlot"/>
  <testcase name="checkEmail" time="0.026" classname="com.mindtree.BaseClass.TC011_SelectTimeSlot"/>
</testsuite> <!-- com.mindtree.BaseClass.TC011_SelectTimeSlot -->
