<?xml version="1.0" encoding="UTF-8"?>
<!-- Generated by org.testng.reporters.JUnitReportReporter -->
<testsuite hostname="B2ML32871" name="com.mindtree.BaseClass.TC010_SelectCenterByCountry" tests="18" failures="0" timestamp="18 Feb 2020 09:03:26 GMT" time="48.208" errors="0">
  <testcase name="selectCenterByCountry" time="17.376" classname="com.mindtree.BaseClass.TC010_SelectCenterByCountry"/>
  <testcase name="checkZone" time="0.064" classname="com.mindtree.BaseClass.TC010_SelectCenterByCountry"/>
  <testcase name="checkEmail" time="0.056" classname="com.mindtree.BaseClass.TC010_SelectCenterByCountry"/>
  <testcase name="validLoginTest" time="8.743" classname="com.mindtree.BaseClass.TC010_SelectCenterByCountry"/>
  <testcase name="clickContinueInPreview" time="0.396" classname="com.mindtree.BaseClass.TC010_SelectCenterByCountry"/>
  <testcase name="checkResident" time="0.062" classname="com.mindtree.BaseClass.TC010_SelectCenterByCountry"/>
  <testcase name="checkDOB" time="0.067" classname="com.mindtree.BaseClass.TC010_SelectCenterByCountry"/>
  <testcase name="validateDemoscreen" time="16.673" classname="com.mindtree.BaseClass.TC010_SelectCenterByCountry"/>
  <testcase name="checkFullName" time="0.122" classname="com.mindtree.BaseClass.TC010_SelectCenterByCountry"/>
  <testcase name="checkRegion" time="0.045" classname="com.mindtree.BaseClass.TC010_SelectCenterByCountry"/>
  <testcase name="checkMobile" time="0.060" classname="com.mindtree.BaseClass.TC010_SelectCenterByCountry"/>
  <testcase name="checkReference" time="0.060" classname="com.mindtree.BaseClass.TC010_SelectCenterByCountry"/>
  <testcase name="checkProvince" time="0.060" classname="com.mindtree.BaseClass.TC010_SelectCenterByCountry"/>
  <testcase name="checkAge" time="0.084" classname="com.mindtree.BaseClass.TC010_SelectCenterByCountry"/>
  <testcase name="checkCity" time="0.058" classname="com.mindtree.BaseClass.TC010_SelectCenterByCountry"/>
  <testcase name="docUpload" time="4.180" classname="com.mindtree.BaseClass.TC010_SelectCenterByCountry"/>
  <testcase name="checkAddress" time="0.045" classname="com.mindtree.BaseClass.TC010_SelectCenterByCountry"/>
  <testcase name="checkGender" time="0.057" classname="com.mindtree.BaseClass.TC010_SelectCenterByCountry"/>
</testsuite> <!-- com.mindtree.BaseClass.TC010_SelectCenterByCountry -->
