<?xml version="1.0" encoding="UTF-8"?>
<!-- Generated by org.testng.reporters.JUnitReportReporter -->
<testsuite hostname="B2ML32871" name="com.mindtree.BaseClass.TC009_ValidatePreview" tests="17" failures="0" timestamp="11 Feb 2020 10:02:25 GMT" time="30.784" errors="0">
  <testcase name="checkZone" time="0.057" classname="com.mindtree.BaseClass.TC009_ValidatePreview"/>
  <testcase name="checkEmail" time="0.051" classname="com.mindtree.BaseClass.TC009_ValidatePreview"/>
  <testcase name="validateDemoscreen" time="16.346" classname="com.mindtree.BaseClass.TC009_ValidatePreview"/>
  <testcase name="checkRegion" time="0.036" classname="com.mindtree.BaseClass.TC009_ValidatePreview"/>
  <testcase name="checkCity" time="0.057" classname="com.mindtree.BaseClass.TC009_ValidatePreview"/>
  <testcase name="checkGender" time="0.043" classname="com.mindtree.BaseClass.TC009_ValidatePreview"/>
  <testcase name="checkMobile" time="0.053" classname="com.mindtree.BaseClass.TC009_ValidatePreview"/>
  <testcase name="checkFullName" time="0.054" classname="com.mindtree.BaseClass.TC009_ValidatePreview"/>
  <testcase name="checkReference" time="0.051" classname="com.mindtree.BaseClass.TC009_ValidatePreview"/>
  <testcase name="validLoginTest" time="8.635" classname="com.mindtree.BaseClass.TC009_ValidatePreview"/>
  <testcase name="checkAge" time="0.077" classname="com.mindtree.BaseClass.TC009_ValidatePreview"/>
  <testcase name="checkAddress" time="0.050" classname="com.mindtree.BaseClass.TC009_ValidatePreview"/>
  <testcase name="checkProvince" time="0.056" classname="com.mindtree.BaseClass.TC009_ValidatePreview"/>
  <testcase name="docUpload" time="4.184" classname="com.mindtree.BaseClass.TC009_ValidatePreview"/>
  <testcase name="checkDOB" time="0.076" classname="com.mindtree.BaseClass.TC009_ValidatePreview"/>
  <testcase name="clickContinueInPreview" time="0.897" classname="com.mindtree.BaseClass.TC009_ValidatePreview"/>
  <testcase name="checkResident" time="0.061" classname="com.mindtree.BaseClass.TC009_ValidatePreview"/>
</testsuite> <!-- com.mindtree.BaseClass.TC009_ValidatePreview -->
