<?xml version="1.0" encoding="UTF-8"?>
<!-- Generated by org.testng.reporters.JUnitReportReporter -->
<testsuite hostname="B2ML32871" name="com.mindtree.BaseClass.TC004_DiscardAnAppFromDashboard" tests="28" failures="0" timestamp="27 Apr 2020 08:11:56 GMT" time="49.986" errors="0">
  <testcase name="checkRegion" time="0.029" classname="com.mindtree.BaseClass.TC004_DiscardAnAppFromDashboard"/>
  <testcase name="checkGender" time="0.028" classname="com.mindtree.BaseClass.TC004_DiscardAnAppFromDashboard"/>
  <testcase name="checkInvalidMobileNumber" time="4.660" classname="com.mindtree.BaseClass.TC004_DiscardAnAppFromDashboard"/>
  <testcase name="checkFullName" time="0.022" classname="com.mindtree.BaseClass.TC004_DiscardAnAppFromDashboard"/>
  <testcase name="selectDateAndTime" time="0.817" classname="com.mindtree.BaseClass.TC004_DiscardAnAppFromDashboard"/>
  <testcase name="checkReference" time="0.027" classname="com.mindtree.BaseClass.TC004_DiscardAnAppFromDashboard"/>
  <testcase name="clickContinueInPreview" time="0.668" classname="com.mindtree.BaseClass.TC004_DiscardAnAppFromDashboard"/>
  <testcase name="validateDemoscreen" time="15.858" classname="com.mindtree.BaseClass.TC004_DiscardAnAppFromDashboard"/>
  <testcase name="checkAckPage" time="0.150" classname="com.mindtree.BaseClass.TC004_DiscardAnAppFromDashboard"/>
  <testcase name="selectCenterByCountry" time="4.975" classname="com.mindtree.BaseClass.TC004_DiscardAnAppFromDashboard"/>
  <testcase name="checkDOB" time="0.029" classname="com.mindtree.BaseClass.TC004_DiscardAnAppFromDashboard"/>
  <testcase name="pdfNameCheck" time="2.204" classname="com.mindtree.BaseClass.TC004_DiscardAnAppFromDashboard"/>
  <testcase name="deleteBookedPRID" time="2.489" classname="com.mindtree.BaseClass.TC004_DiscardAnAppFromDashboard"/>
  <testcase name="checkAddress" time="0.027" classname="com.mindtree.BaseClass.TC004_DiscardAnAppFromDashboard"/>
  <testcase name="checkEmail" time="0.032" classname="com.mindtree.BaseClass.TC004_DiscardAnAppFromDashboard"/>
  <testcase name="expiredToBooked" time="0.105" classname="com.mindtree.BaseClass.TC004_DiscardAnAppFromDashboard"/>
  <testcase name="sendSmsEmail" time="0.723" classname="com.mindtree.BaseClass.TC004_DiscardAnAppFromDashboard"/>
  <testcase name="docUpload" time="4.173" classname="com.mindtree.BaseClass.TC004_DiscardAnAppFromDashboard"/>
  <testcase name="checkResident" time="0.026" classname="com.mindtree.BaseClass.TC004_DiscardAnAppFromDashboard"/>
  <testcase name="verifyAppName" time="1.028" classname="com.mindtree.BaseClass.TC004_DiscardAnAppFromDashboard"/>
  <testcase name="validLoginTest" time="9.037" classname="com.mindtree.BaseClass.TC004_DiscardAnAppFromDashboard"/>
  <testcase name="checkAge" time="0.037" classname="com.mindtree.BaseClass.TC004_DiscardAnAppFromDashboard"/>
  <testcase name="checkZone" time="0.032" classname="com.mindtree.BaseClass.TC004_DiscardAnAppFromDashboard"/>
  <testcase name="checkMobile" time="0.025" classname="com.mindtree.BaseClass.TC004_DiscardAnAppFromDashboard"/>
  <testcase name="checkCity" time="0.027" classname="com.mindtree.BaseClass.TC004_DiscardAnAppFromDashboard"/>
  <testcase name="checkTimeSlotPage" time="0.030" classname="com.mindtree.BaseClass.TC004_DiscardAnAppFromDashboard"/>
  <testcase name="checkInvalidEmailAddress" time="2.699" classname="com.mindtree.BaseClass.TC004_DiscardAnAppFromDashboard"/>
  <testcase name="checkProvince" time="0.029" classname="com.mindtree.BaseClass.TC004_DiscardAnAppFromDashboard"/>
</testsuite> <!-- com.mindtree.BaseClass.TC004_DiscardAnAppFromDashboard -->
