<?xml version="1.0" encoding="UTF-8"?>
<!-- Generated by org.testng.reporters.JUnitReportReporter -->
<testsuite hostname="B2ML32871" name="com.mindtree.BaseClass.LoginTest" tests="1" failures="0" timestamp="4 Jan 2020 19:20:03 GMT" time="4.329" errors="0">
  <testcase name="TC002_invalidOTPLenght" time="4.329" classname="com.mindtree.BaseClass.LoginTest"/>
</testsuite> <!-- com.mindtree.BaseClass.LoginTest -->
