<?xml version="1.0" encoding="UTF-8"?>
<!-- Generated by org.testng.reporters.JUnitReportReporter -->
<testsuite hostname="B2ML32871" name="com.mindtree.BaseClass.TC005_ValidateDemographicTest" tests="3" failures="0" timestamp="17 Jan 2020 08:59:58 GMT" time="20.039" errors="0">
  <testcase name="runLoginTest" time="0.006" classname="com.mindtree.BaseClass.TC005_ValidateDemographicTest"/>
  <testcase name="validLoginTest" time="9.146" classname="com.mindtree.BaseClass.TC005_ValidateDemographicTest"/>
  <testcase name="validateDemoscreen" time="10.887" classname="com.mindtree.BaseClass.TC005_ValidateDemographicTest"/>
</testsuite> <!-- com.mindtree.BaseClass.TC005_ValidateDemographicTest -->
