<?xml version="1.0" encoding="UTF-8"?>
<!-- Generated by org.testng.reporters.JUnitReportReporter -->
<testsuite hostname="B2ML32871" name="com.mindtree.BaseClass.POMmain" tests="1" failures="0" timestamp="4 Jan 2020 10:18:47 GMT" time="16.688" errors="0">
  <testcase name="login" time="16.688" classname="com.mindtree.BaseClass.POMmain"/>
</testsuite> <!-- com.mindtree.BaseClass.POMmain -->
