<?xml version="1.0" encoding="UTF-8"?>
<!-- Generated by org.testng.reporters.JUnitReportReporter -->
<testsuite hostname="B2ML32871" name="com.mindtree.BaseClass.TC001_ValidLogin" tests="1" failures="0" timestamp="4 Jan 2020 18:17:32 GMT" time="2.114" errors="0">
  <testcase name="loginTest" time="2.114" classname="com.mindtree.BaseClass.TC001_ValidLogin"/>
</testsuite> <!-- com.mindtree.BaseClass.TC001_ValidLogin -->
