<?xml version="1.0" encoding="UTF-8"?>
<!-- Generated by org.testng.reporters.JUnitReportReporter -->
<testsuite hostname="B2ML32871" name="com.mindtree.BaseClass.ValidLoginTest" tests="1" failures="0" timestamp="4 Jan 2020 19:33:14 GMT" time="5.168" errors="0">
  <testcase name="TC001_validLoginTest" time="5.168" classname="com.mindtree.BaseClass.ValidLoginTest"/>
</testsuite> <!-- com.mindtree.BaseClass.ValidLoginTest -->
