<?xml version="1.0" encoding="UTF-8"?>
<!-- Generated by org.testng.reporters.JUnitReportReporter -->
<testsuite hostname="B2ML32871" name="com.mindtree.BaseClass.BaseClass" tests="1" failures="0" timestamp="3 Jan 2020 16:32:22 GMT" time="12.346" errors="0">
  <testcase name="openBrowser" time="12.346" classname="com.mindtree.BaseClass.BaseClass"/>
</testsuite> <!-- com.mindtree.BaseClass.BaseClass -->
