<?xml version="1.0" encoding="UTF-8"?>
<!-- Generated by org.testng.reporters.JUnitReportReporter -->
<testsuite hostname="B2ML32871" name="com.mindtree.BaseClass.TC003_ResendOTPLoginTest" tests="1" failures="0" timestamp="7 Jan 2020 17:19:46 GMT" time="7.614" errors="0">
  <testcase name="resendOTP" time="7.614" classname="com.mindtree.BaseClass.TC003_ResendOTPLoginTest"/>
</testsuite> <!-- com.mindtree.BaseClass.TC003_ResendOTPLoginTest -->
